[Strings]
AppID={16F0EE77-B2B1-4417-A8CC-07E06C78CCC4}
AdminRights=
1=Uninstall Matrix-ks
2=Installation package not found in selected folder.
3=You need to have administrative rights on this computer to uninstall or repair this application.
10=Removing file %s
11=Removing registry entry %s
12=Removing registry key %s
13=Removing ini parameter from file %s
14=Removing shortcut %s
15=Removing folder %s
16=Unregistering server %s
17=Unregistering font %s
18=Checking shared file %s
19=Removing assembly %s
20=Removing environment variable %s

[Display]
Charset=0
ForceRemoveDataFiles=
DialogFont=MS Sans Serif, 8, 0,
TitleFont=MS Sans Serif, 10, 0,B
SubtitleFont=MS Sans Serif, 8, 0,
ProgressColor=12692902
ShowTitle=
ShowSubtitle=

[Dialog.DLG_START]
Caption=Uninstall Program for Matrix-ks
101=< Back
102=Next >
103=Cancel
104=Ghost Installer Maintenance mode
105=Please select one of the following options below.
106=Uninstall Matrix-ks
107=Repair Matrix-ks
109=Select this option to remove Matrix-ks and all its components from your computer.
110=Select this option to repair Matrix-ks. This option will reinstall the program with exactly the same components that were installed first time.

[Dialog.DLG_BEFOREUNINSTALL]
Caption=Uninstall Program for Matrix-ks
Title=Uninstall for Matrix-ks
Subtitle=This program will remove Matrix-ks and all its components from this computer.
101=< Back
102=Next >
103=Cancel
104=Are you sure you want to completely remove the Matrix-ks and all its components from your computer?||||To confirm the removal process press Next button.||||WARNING!  Be careful the uninstaller may also delete Matrix-ks settings and data directories. Please backup the data which is stored in subdirectories of Matrix-ks.
105=Remove data files and folders created by Matrix-ks

[Dialog.DLG_UNINSTALL]
Caption=Uninstall Program for Matrix-ks
Title=Uninstall Progress
Subtitle=
101=< Back
102=Next >
103=Cancel
104=Uninstall actions proceeded:
200=Preparing uninstall
201=Uninstalling shortcuts
202=Uninstalling registry entries
203=Unregistering fonts
204=Unregistering COM servers
205=Removing files and folders
206=Finishing uninstall

[Dialog.DLG_UNINSTALLSUCCEEDED]
Caption=Uninstall Program for Matrix-ks
Title=Uninstall Succeeded
Subtitle=
102=Finish
104=Ghost Installer successfully removed Matrix-ks and all its components from your computer.||||||Click on the Finish dialog button to exit the uninstallation process.

[Dialog.DLG_BEFOREREPAIR]
Caption=Uninstall Program for Matrix-ks
Title=Repair for Matrix-ks
Subtitle=This program will try to repair Matrix-ks.
101=< Back
102=Next >
103=Cancel
104=To confirm the repair process press Next button.||||ATTENTION!  Be careful the repair process may also reset Matrix-ks settings. Please backup the data which is stored in subdirectories of Matrix-ks.

[Dialog.DLG_BROWSEFORSETUP]
Caption=Uninstall Program for Matrix-ks
Title=Browse for Packages
Subtitle=
101=< Back
102=Next >
103=Cancel
104=Ghost Installer Maintenance could not locate installation package for Matrix-ks. This package is required to repair your application. Please specify a location for this package.
105=Search for package in:
107=Browse...
200=Browse for Packages
201=Select folder with installation package.

[Dialog.DLG_DELSHARED]
Caption=Remove shared file?
101=The system indicates that the following shared file is no longer used by any programs.  If any programs are still using this file and it is removed, those programs may not function.  Are you sure you want to remove the shared file?||||Leaving this file will not harm your system.  If you are not sure what to do, it is suggested that you choose not to remove this shared component.
103=File name:
105=Located in:
107=Yes
108=Yes to all
109=No
110=No to all

[Dialog.DLG_REBOOT]
Caption=Uninstall Program for Matrix-ks
Title=Computer Restart
Subtitle=Uninstallation procedure needs to restart your system to remove application completely.
101=< Back
102=Next >
103=Cancel
104=Some components were not removed completely. For finishing uninstallation it is necessary to reboot your computer.
105=Yes, reboot my computer now
106=No, I'll reboot my computer later

[SharedFiles]
D:\Software\Matrix ScreenSaver\Uninstall.exe=

[CreateKeys]
HKLM\SOFTWARE\Microsoft\Windows\CurrentVersion\Uninstall\{16F0EE77-B2B1-4417-A8CC-07E06C78CCC4}=

[CopyFiles]
D:\Software\Matrix ScreenSaver\README.TXT=
C:\WINDOWS\Matrix_ks.SCR=
C:\WINDOWS\Matrix_ks.BMP=
C:\WINDOWS\xaudio.dll=
C:\Windows\Matrix_ks.SCR=
C:\Windows\Matrix_ks.BMP=
C:\Windows\xaudio.dll=
C:\Windows\Matrix_ks.SCR=
C:\Windows\Matrix_ks.BMP=
C:\Windows\xaudio.dll=

[CreateDirs]
C:\Documents and Settings\Elad\Start Menu\Programs\KellySoftware=
C:\Documents and Settings\Elad\Start Menu\Programs\KellySoftware\Matrix-ks=
C:\Users\Elad\AppData\Roaming\Microsoft\Windows\Start Menu\Programs\KellySoftware=
C:\Users\Elad\AppData\Roaming\Microsoft\Windows\Start Menu\Programs\KellySoftware\Matrix-ks=
C:\Users\Elad\AppData\Roaming\Microsoft\Windows\Start Menu\Programs\KellySoftware=
C:\Users\Elad\AppData\Roaming\Microsoft\Windows\Start Menu\Programs\KellySoftware\Matrix-ks=

[Shortcuts]
C:\Documents and Settings\Elad\Start Menu\Programs\KellySoftware\Matrix-ks\Readme.txt.lnk=
C:\Users\Elad\AppData\Roaming\Microsoft\Windows\Start Menu\Programs\KellySoftware\Matrix-ks\Readme.txt.lnk=

